============================= test session starts ==============================
platform linux -- Python 3.14.2, pytest-9.0.2, pluggy-1.6.0 -- /home/cre/.pixi/envs/pip/bin/python3.14
rootdir: /tmp/xdrec
plugins: timeout-2.4.0, asyncio-1.3.0, anyio-4.12.1, xdist-3.8.0, respx-0.23.1
asyncio: mode=Mode.STRICT, debug=False, asyncio_default_fixture_loop_scope=None, asyncio_default_test_loop_scope=function
created: 2/2 workers
2 workers [9 items]

scheduling tests via LoadGroupScheduling

tests/test_acceptance.py::test_render_paradigm_in_headless_browser 
tests/test_acceptance.py::test_console_smoke 
[gw0] [ 11%] SKIPPED tests/test_acceptance.py::test_render_paradigm_in_headless_browser 
[gw1] [ 22%] PASSED tests/test_acceptance.py::test_console_smoke 
tests/test_legacy.py::test_zeta 
tests/test_legacy.py::test_eta 
[gw0] [ 33%] PASSED tests/test_legacy.py::test_zeta 
[gw1] [ 44%] SKIPPED tests/test_legacy.py::test_eta 
tests/test_legacy.py::test_epsilon 
tests/test_sample.py::test_alpha 
[gw1] [ 55%] PASSED tests/test_sample.py::test_alpha 
tests/test_sample.py::test_delta[1] 
[gw1] [ 66%] PASSED tests/test_sample.py::test_delta[1] 
tests/test_sample.py::test_delta[2] 
[gw1] [ 77%] PASSED tests/test_sample.py::test_delta[2] 
[gw0] [ 88%] FAILED tests/test_legacy.py::test_epsilon 
tests/test_sample.py::test_beta 
[gw0] [100%] FAILED tests/test_sample.py::test_beta 

=================================== FAILURES ===================================
_________________________________ test_epsilon _________________________________
[gw0] linux -- Python 3.14.2 /home/cre/.pixi/envs/pip/bin/python3.14

    def test_epsilon():
>       raise AssertionError("boom")
E       AssertionError: boom

tests/test_legacy.py:14: AssertionError
__________________________________ test_beta ___________________________________
[gw0] linux -- Python 3.14.2 /home/cre/.pixi/envs/pip/bin/python3.14

    def test_beta():
>       assert 1 == 2
E       assert 1 == 2

tests/test_sample.py:9: AssertionError
=========================== short test summary info ============================
SKIPPED [1] tests/test_acceptance.py:4: chromium not installed
SKIPPED [1] tests/test_legacy.py:8: env
==================== 2 failed, 5 passed, 2 skipped in 0.70s ====================
